<?xml version="1.0" encoding="UTF-8"?>
<testsuite xmlns:xsi="http://www.w3.org/2001/XMLSchema-instance" xsi:noNamespaceSchemaLocation="https://maven.apache.org/surefire/maven-surefire-plugin/xsd/surefire-test-report-3.0.xsd" version="3.0" name="com.model.NoteTest" time="0.023" tests="21" errors="0" skipped="0" failures="0">
  <properties>
    <property name="java.specification.version" value="23"/>
    <property name="sun.jnu.encoding" value="UTF-8"/>
    <property name="java.class.path" value="/Users/jaylengraham/CSCE247/Rhythm-Reader/JavaFXBackEndRhythmReader/target/test-classes:/Users/jaylengraham/.m2/repository/org/hamcrest/hamcrest-core/1.3/hamcrest-core-1.3.jar:/Users/jaylengraham/.m2/repository/com/io7m/xom/xom/1.2.10/xom-1.2.10.jar:/Users/jaylengraham/.m2/repository/xml-apis/xml-apis/1.3.03/xml-apis-1.3.03.jar:/Users/jaylengraham/.m2/repository/xerces/xercesImpl/2.8.0/xercesImpl-2.8.0.jar:/Users/jaylengraham/.m2/repository/xalan/xalan/2.7.0/xalan-2.7.0.jar:/Users/jaylengraham/.m2/repository/org/openjfx/javafx-controls/13/javafx-controls-13.jar:/Users/jaylengraham/.m2/repository/org/openjfx/javafx-graphics/13/javafx-graphics-13.jar:/Users/jaylengraham/.m2/repository/org/openjfx/javafx-base/13/javafx-base-13.jar:/Users/jaylengraham/.m2/repository/org/openjfx/javafx-fxml/13/javafx-fxml-13.jar:"/>
    <property name="java.vm.vendor" value="Homebrew"/>
    <property name="sun.arch.data.model" value="64"/>
    <property name="java.vendor.url" value="https://github.com/Homebrew/homebrew-core/issues"/>
    <property name="os.name" value="Mac OS X"/>
    <property name="java.vm.specification.version" value="23"/>
    <property name="user.country" value="US"/>
    <property name="sun.java.launcher" value="SUN_STANDARD"/>
    <property name="sun.boot.library.path" value="/opt/homebrew/Cellar/openjdk/23.0.1/libexec/openjdk.jdk/Contents/Home/lib"/>
    <property name="sun.java.command" value="org.apache.maven.surefire.booter.ForkedBooter /Users/jaylengraham/CSCE247/Rhythm-Reader/JavaFXBackEndRhythmReader/target/surefire 2025-04-01T22-06-12_581-jvmRun1 surefire-20250401220612724_1tmp surefire_0-20250401220612724_2tmp"/>
    <property name="http.nonProxyHosts" value="local|*.local|169.254/16|*.169.254/16"/>
    <property name="jdk.debug" value="release"/>
    <property name="test" value="com.model.NoteTest"/>
    <property name="surefire.test.class.path" value="/Users/jaylengraham/CSCE247/Rhythm-Reader/JavaFXBackEndRhythmReader/target/test-classes:/Users/jaylengraham/.m2/repository/org/hamcrest/hamcrest-core/1.3/hamcrest-core-1.3.jar:/Users/jaylengraham/.m2/repository/com/io7m/xom/xom/1.2.10/xom-1.2.10.jar:/Users/jaylengraham/.m2/repository/xml-apis/xml-apis/1.3.03/xml-apis-1.3.03.jar:/Users/jaylengraham/.m2/repository/xerces/xercesImpl/2.8.0/xercesImpl-2.8.0.jar:/Users/jaylengraham/.m2/repository/xalan/xalan/2.7.0/xalan-2.7.0.jar:/Users/jaylengraham/.m2/repository/org/openjfx/javafx-controls/13/javafx-controls-13.jar:/Users/jaylengraham/.m2/repository/org/openjfx/javafx-graphics/13/javafx-graphics-13.jar:/Users/jaylengraham/.m2/repository/org/openjfx/javafx-base/13/javafx-base-13.jar:/Users/jaylengraham/.m2/repository/org/openjfx/javafx-fxml/13/javafx-fxml-13.jar:"/>
    <property name="sun.cpu.endian" value="little"/>
    <property name="user.home" value="/Users/jaylengraham"/>
    <property name="user.language" value="en"/>
    <property name="java.specification.vendor" value="Oracle Corporation"/>
    <property name="jdk.module.path" value="/Users/jaylengraham/CSCE247/Rhythm-Reader/JavaFXBackEndRhythmReader/target/classes:/Users/jaylengraham/.m2/repository/junit/junit/4.13.2/junit-4.13.2.jar:/Users/jaylengraham/.m2/repository/com/googlecode/json-simple/json-simple/1.1.1/json-simple-1.1.1.jar:/Users/jaylengraham/.m2/repository/com/github/JensPiegsa/jfugue/5.0.9/jfugue-5.0.9.jar:/Users/jaylengraham/.m2/repository/org/openjfx/javafx-controls/13/javafx-controls-13-mac.jar:/Users/jaylengraham/.m2/repository/org/openjfx/javafx-graphics/13/javafx-graphics-13-mac.jar:/Users/jaylengraham/.m2/repository/org/openjfx/javafx-base/13/javafx-base-13-mac.jar:/Users/jaylengraham/.m2/repository/org/openjfx/javafx-fxml/13/javafx-fxml-13-mac.jar"/>
    <property name="java.version.date" value="2024-10-15"/>
    <property name="java.home" value="/opt/homebrew/Cellar/openjdk/23.0.1/libexec/openjdk.jdk/Contents/Home"/>
    <property name="file.separator" value="/"/>
    <property name="basedir" value="/Users/jaylengraham/CSCE247/Rhythm-Reader/JavaFXBackEndRhythmReader"/>
    <property name="java.vm.compressedOopsMode" value="Zero based"/>
    <property name="line.separator" value="&#10;"/>
    <property name="java.vm.specification.vendor" value="Oracle Corporation"/>
    <property name="java.specification.name" value="Java Platform API Specification"/>
    <property name="apple.awt.application.name" value="ForkedBooter"/>
    <property name="surefire.real.class.path" value="/Users/jaylengraham/.m2/repository/org/apache/maven/surefire/surefire-booter/3.2.5/surefire-booter-3.2.5.jar:/Users/jaylengraham/.m2/repository/org/apache/maven/surefire/surefire-api/3.2.5/surefire-api-3.2.5.jar:/Users/jaylengraham/.m2/repository/org/apache/maven/surefire/surefire-logger-api/3.2.5/surefire-logger-api-3.2.5.jar:/Users/jaylengraham/.m2/repository/org/apache/maven/surefire/surefire-shared-utils/3.2.5/surefire-shared-utils-3.2.5.jar:/Users/jaylengraham/.m2/repository/org/apache/maven/surefire/surefire-extensions-spi/3.2.5/surefire-extensions-spi-3.2.5.jar:/Users/jaylengraham/CSCE247/Rhythm-Reader/JavaFXBackEndRhythmReader/target/test-classes:/Users/jaylengraham/.m2/repository/org/hamcrest/hamcrest-core/1.3/hamcrest-core-1.3.jar:/Users/jaylengraham/.m2/repository/com/io7m/xom/xom/1.2.10/xom-1.2.10.jar:/Users/jaylengraham/.m2/repository/xml-apis/xml-apis/1.3.03/xml-apis-1.3.03.jar:/Users/jaylengraham/.m2/repository/xerces/xercesImpl/2.8.0/xercesImpl-2.8.0.jar:/Users/jaylengraham/.m2/repository/xalan/xalan/2.7.0/xalan-2.7.0.jar:/Users/jaylengraham/.m2/repository/org/openjfx/javafx-controls/13/javafx-controls-13.jar:/Users/jaylengraham/.m2/repository/org/openjfx/javafx-graphics/13/javafx-graphics-13.jar:/Users/jaylengraham/.m2/repository/org/openjfx/javafx-base/13/javafx-base-13.jar:/Users/jaylengraham/.m2/repository/org/openjfx/javafx-fxml/13/javafx-fxml-13.jar:/Users/jaylengraham/.m2/repository/org/apache/maven/surefire/surefire-junit4/3.2.5/surefire-junit4-3.2.5.jar:/Users/jaylengraham/.m2/repository/org/apache/maven/surefire/common-java5/3.2.5/common-java5-3.2.5.jar:/Users/jaylengraham/.m2/repository/org/apache/maven/surefire/common-junit3/3.2.5/common-junit3-3.2.5.jar:/Users/jaylengraham/.m2/repository/org/apache/maven/surefire/common-junit4/3.2.5/common-junit4-3.2.5.jar"/>
    <property name="sun.management.compiler" value="HotSpot 64-Bit Tiered Compilers"/>
    <property name="ftp.nonProxyHosts" value="local|*.local|169.254/16|*.169.254/16"/>
    <property name="java.runtime.version" value="23.0.1"/>
    <property name="user.name" value="jaylengraham"/>
    <property name="stdout.encoding" value="UTF-8"/>
    <property name="path.separator" value=":"/>
    <property name="os.version" value="14.4"/>
    <property name="java.runtime.name" value="OpenJDK Runtime Environment"/>
    <property name="file.encoding" value="UTF-8"/>
    <property name="java.vm.name" value="OpenJDK 64-Bit Server VM"/>
    <property name="java.vendor.version" value="Homebrew"/>
    <property name="maven.ext.class.path" value="/Users/jaylengraham/.vscode/extensions/oracle.oracle-java-23.1.0/nbcode/java/maven-nblib/netbeans-eventspy.jar"/>
    <property name="localRepository" value="/Users/jaylengraham/.m2/repository"/>
    <property name="java.vendor.url.bug" value="https://github.com/Homebrew/homebrew-core/issues"/>
    <property name="java.io.tmpdir" value="/var/folders/rn/2hn82tz53gn5sptdcxgt3fwh0000gn/T/"/>
    <property name="java.version" value="23.0.1"/>
    <property name="user.dir" value="/Users/jaylengraham/CSCE247/Rhythm-Reader/JavaFXBackEndRhythmReader"/>
    <property name="os.arch" value="aarch64"/>
    <property name="java.vm.specification.name" value="Java Virtual Machine Specification"/>
    <property name="native.encoding" value="UTF-8"/>
    <property name="java.library.path" value="/Users/jaylengraham/Library/Java/Extensions:/Library/Java/Extensions:/Network/Library/Java/Extensions:/System/Library/Java/Extensions:/usr/lib/java:."/>
    <property name="java.vm.info" value="mixed mode"/>
    <property name="stderr.encoding" value="UTF-8"/>
    <property name="java.vendor" value="Homebrew"/>
    <property name="java.vm.version" value="23.0.1"/>
    <property name="sun.io.unicode.encoding" value="UnicodeBig"/>
    <property name="socksNonProxyHosts" value="local|*.local|169.254/16|*.169.254/16"/>
    <property name="java.class.version" value="67.0"/>
  </properties>
  <testcase name="setModifier_specialCharacterModifier" classname="com.model.NoteTest" time="0.002"/>
  <testcase name="setPitch_emptyPitch" classname="com.model.NoteTest" time="0.0"/>
  <testcase name="testTesting" classname="com.model.NoteTest" time="0.0"/>
  <testcase name="setModifier_emptyModifier" classname="com.model.NoteTest" time="0.0"/>
  <testcase name="toJFugueString_differentNoteType" classname="com.model.NoteTest" time="0.0"/>
  <testcase name="setModifier_nullModifier" classname="com.model.NoteTest" time="0.0"/>
  <testcase name="toJFugueString_noModifierOrArticulation" classname="com.model.NoteTest" time="0.0"/>
  <testcase name="testGetPitch_validPitch" classname="com.model.NoteTest" time="0.0"/>
  <testcase name="setPitch_validPitch" classname="com.model.NoteTest" time="0.0"/>
  <testcase name="toJFugueString_validNote" classname="com.model.NoteTest" time="0.0"/>
  <testcase name="getPitch_emptyPitch" classname="com.model.NoteTest" time="0.0"/>
  <testcase name="toJFugueString_restNote" classname="com.model.NoteTest" time="0.0"/>
  <testcase name="getPitch_differentPitch" classname="com.model.NoteTest" time="0.0"/>
  <testcase name="getPitch_lowerCasePitch" classname="com.model.NoteTest" time="0.0"/>
  <testcase name="setModifier_validModifier" classname="com.model.NoteTest" time="0.0"/>
  <testcase name="setModifier_differentModifier" classname="com.model.NoteTest" time="0.0"/>
  <testcase name="getPitch_specialCharacterPitch" classname="com.model.NoteTest" time="0.0"/>
  <testcase name="setPitch_specialCharacterPitch" classname="com.model.NoteTest" time="0.0"/>
  <testcase name="setPitch_differentPitch" classname="com.model.NoteTest" time="0.0"/>
  <testcase name="toJFugueString_tiedNote" classname="com.model.NoteTest" time="0.0"/>
  <testcase name="setPitch_nullPitch" classname="com.model.NoteTest" time="0.001"/>
</testsuite>