<?xml version="1.0" encoding="UTF-8"?>
<testsuite xmlns:xsi="http://www.w3.org/2001/XMLSchema-instance" xsi:noNamespaceSchemaLocation="https://maven.apache.org/surefire/maven-surefire-plugin/xsd/surefire-test-report-3.0.xsd" version="3.0" name="com.model.FlashcardTest" time="0.131" tests="10" errors="0" skipped="0" failures="0">
  <properties>
    <property name="java.specification.version" value="23"/>
    <property name="sun.cpu.isalist" value="amd64"/>
    <property name="sun.jnu.encoding" value="Cp1252"/>
    <property name="java.class.path" value="C:\Users\rmack\OneDrive\Desktop\CSCE247\Rhythm-Reader\JavaFXBackEndRhythmReader\target\test-classes;C:\Users\rmack\.m2\repository\org\hamcrest\hamcrest-core\1.3\hamcrest-core-1.3.jar;C:\Users\rmack\.m2\repository\com\io7m\xom\xom\1.2.10\xom-1.2.10.jar;C:\Users\rmack\.m2\repository\xml-apis\xml-apis\1.3.03\xml-apis-1.3.03.jar;C:\Users\rmack\.m2\repository\xerces\xercesImpl\2.8.0\xercesImpl-2.8.0.jar;C:\Users\rmack\.m2\repository\xalan\xalan\2.7.0\xalan-2.7.0.jar;C:\Users\rmack\.m2\repository\org\openjfx\javafx-controls\13\javafx-controls-13.jar;C:\Users\rmack\.m2\repository\org\openjfx\javafx-graphics\13\javafx-graphics-13.jar;C:\Users\rmack\.m2\repository\org\openjfx\javafx-base\13\javafx-base-13.jar;C:\Users\rmack\.m2\repository\org\openjfx\javafx-fxml\13\javafx-fxml-13.jar;"/>
    <property name="java.vm.vendor" value="Oracle Corporation"/>
    <property name="sun.arch.data.model" value="64"/>
    <property name="user.variant" value=""/>
    <property name="java.vendor.url" value="https://java.oracle.com/"/>
    <property name="user.timezone" value="America/New_York"/>
    <property name="os.name" value="Windows 11"/>
    <property name="java.vm.specification.version" value="23"/>
    <property name="user.country" value="US"/>
    <property name="sun.java.launcher" value="SUN_STANDARD"/>
    <property name="sun.boot.library.path" value="C:\Users\rmack\OneDrive\Desktop\CSCE247\Oracle_JDK-23\bin"/>
    <property name="sun.java.command" value="org.apache.maven.surefire.booter.ForkedBooter C:\Users\rmack\AppData\Local\Temp\surefire15823190859057282426 2025-04-02T16-27-38_268-jvmRun1 surefire-20250402162739090_1tmp surefire_0-20250402162739090_2tmp"/>
    <property name="jdk.debug" value="release"/>
    <property name="test" value="com.model.FlashcardTest"/>
    <property name="surefire.test.class.path" value="C:\Users\rmack\OneDrive\Desktop\CSCE247\Rhythm-Reader\JavaFXBackEndRhythmReader\target\test-classes;C:\Users\rmack\.m2\repository\org\hamcrest\hamcrest-core\1.3\hamcrest-core-1.3.jar;C:\Users\rmack\.m2\repository\com\io7m\xom\xom\1.2.10\xom-1.2.10.jar;C:\Users\rmack\.m2\repository\xml-apis\xml-apis\1.3.03\xml-apis-1.3.03.jar;C:\Users\rmack\.m2\repository\xerces\xercesImpl\2.8.0\xercesImpl-2.8.0.jar;C:\Users\rmack\.m2\repository\xalan\xalan\2.7.0\xalan-2.7.0.jar;C:\Users\rmack\.m2\repository\org\openjfx\javafx-controls\13\javafx-controls-13.jar;C:\Users\rmack\.m2\repository\org\openjfx\javafx-graphics\13\javafx-graphics-13.jar;C:\Users\rmack\.m2\repository\org\openjfx\javafx-base\13\javafx-base-13.jar;C:\Users\rmack\.m2\repository\org\openjfx\javafx-fxml\13\javafx-fxml-13.jar;"/>
    <property name="sun.cpu.endian" value="little"/>
    <property name="user.home" value="C:\Users\rmack"/>
    <property name="user.language" value="en"/>
    <property name="java.specification.vendor" value="Oracle Corporation"/>
    <property name="jdk.module.path" value="C:\Users\rmack\OneDrive\Desktop\CSCE247\Rhythm-Reader\JavaFXBackEndRhythmReader\target\classes;C:\Users\rmack\.m2\repository\junit\junit\4.13.2\junit-4.13.2.jar;C:\Users\rmack\.m2\repository\com\googlecode\json-simple\json-simple\1.1.1\json-simple-1.1.1.jar;C:\Users\rmack\.m2\repository\com\github\JensPiegsa\jfugue\5.0.9\jfugue-5.0.9.jar;C:\Users\rmack\.m2\repository\org\openjfx\javafx-controls\13\javafx-controls-13-win.jar;C:\Users\rmack\.m2\repository\org\openjfx\javafx-graphics\13\javafx-graphics-13-win.jar;C:\Users\rmack\.m2\repository\org\openjfx\javafx-base\13\javafx-base-13-win.jar;C:\Users\rmack\.m2\repository\org\openjfx\javafx-fxml\13\javafx-fxml-13-win.jar"/>
    <property name="java.version.date" value="2025-01-21"/>
    <property name="java.home" value="C:\Users\rmack\OneDrive\Desktop\CSCE247\Oracle_JDK-23"/>
    <property name="file.separator" value="\"/>
    <property name="basedir" value="C:\Users\rmack\OneDrive\Desktop\CSCE247\Rhythm-Reader\JavaFXBackEndRhythmReader"/>
    <property name="java.vm.compressedOopsMode" value="Zero based"/>
    <property name="line.separator" value="&#10;"/>
    <property name="java.vm.specification.vendor" value="Oracle Corporation"/>
    <property name="java.specification.name" value="Java Platform API Specification"/>
    <property name="surefire.real.class.path" value="C:\Users\rmack\.m2\repository\org\apache\maven\surefire\surefire-booter\3.2.5\surefire-booter-3.2.5.jar;C:\Users\rmack\.m2\repository\org\apache\maven\surefire\surefire-api\3.2.5\surefire-api-3.2.5.jar;C:\Users\rmack\.m2\repository\org\apache\maven\surefire\surefire-logger-api\3.2.5\surefire-logger-api-3.2.5.jar;C:\Users\rmack\.m2\repository\org\apache\maven\surefire\surefire-shared-utils\3.2.5\surefire-shared-utils-3.2.5.jar;C:\Users\rmack\.m2\repository\org\apache\maven\surefire\surefire-extensions-spi\3.2.5\surefire-extensions-spi-3.2.5.jar;C:\Users\rmack\OneDrive\Desktop\CSCE247\Rhythm-Reader\JavaFXBackEndRhythmReader\target\test-classes;C:\Users\rmack\.m2\repository\org\hamcrest\hamcrest-core\1.3\hamcrest-core-1.3.jar;C:\Users\rmack\.m2\repository\com\io7m\xom\xom\1.2.10\xom-1.2.10.jar;C:\Users\rmack\.m2\repository\xml-apis\xml-apis\1.3.03\xml-apis-1.3.03.jar;C:\Users\rmack\.m2\repository\xerces\xercesImpl\2.8.0\xercesImpl-2.8.0.jar;C:\Users\rmack\.m2\repository\xalan\xalan\2.7.0\xalan-2.7.0.jar;C:\Users\rmack\.m2\repository\org\openjfx\javafx-controls\13\javafx-controls-13.jar;C:\Users\rmack\.m2\repository\org\openjfx\javafx-graphics\13\javafx-graphics-13.jar;C:\Users\rmack\.m2\repository\org\openjfx\javafx-base\13\javafx-base-13.jar;C:\Users\rmack\.m2\repository\org\openjfx\javafx-fxml\13\javafx-fxml-13.jar;C:\Users\rmack\.m2\repository\org\apache\maven\surefire\surefire-junit4\3.2.5\surefire-junit4-3.2.5.jar;C:\Users\rmack\.m2\repository\org\apache\maven\surefire\common-java5\3.2.5\common-java5-3.2.5.jar;C:\Users\rmack\.m2\repository\org\apache\maven\surefire\common-junit3\3.2.5\common-junit3-3.2.5.jar;C:\Users\rmack\.m2\repository\org\apache\maven\surefire\common-junit4\3.2.5\common-junit4-3.2.5.jar"/>
    <property name="user.script" value=""/>
    <property name="sun.management.compiler" value="HotSpot 64-Bit Tiered Compilers"/>
    <property name="java.runtime.version" value="23.0.2+7-58"/>
    <property name="user.name" value="rmack"/>
    <property name="stdout.encoding" value="Cp1252"/>
    <property name="path.separator" value=";"/>
    <property name="os.version" value="10.0"/>
    <property name="java.runtime.name" value="Java(TM) SE Runtime Environment"/>
    <property name="file.encoding" value="UTF-8"/>
    <property name="java.vm.name" value="Java HotSpot(TM) 64-Bit Server VM"/>
    <property name="maven.ext.class.path" value="C:\Users\rmack\.vscode\extensions\oracle.oracle-java-23.1.0\nbcode\java\maven-nblib\netbeans-eventspy.jar"/>
    <property name="localRepository" value="C:\Users\rmack\.m2\repository"/>
    <property name="java.vendor.url.bug" value="https://bugreport.java.com/bugreport/"/>
    <property name="java.io.tmpdir" value="C:\Users\rmack\AppData\Local\Temp\"/>
    <property name="java.version" value="23.0.2"/>
    <property name="user.dir" value="C:\Users\rmack\OneDrive\Desktop\CSCE247\Rhythm-Reader\JavaFXBackEndRhythmReader"/>
    <property name="os.arch" value="amd64"/>
    <property name="java.vm.specification.name" value="Java Virtual Machine Specification"/>
    <property name="sun.os.patch.level" value=""/>
    <property name="native.encoding" value="Cp1252"/>
    <property name="java.library.path" value="C:\Users\rmack\OneDrive\Desktop\CSCE247\Oracle_JDK-23\bin;C:\WINDOWS\Sun\Java\bin;C:\WINDOWS\system32;C:\WINDOWS;C:\Program Files (x86)\Common Files\Oracle\Java\java8path;C:\Program Files (x86)\Common Files\Oracle\Java\javapath;C:\windows\system32;C:\windows;C:\windows\System32\Wbem;C:\windows\System32\WindowsPowerShell\v1.0\;C:\windows\System32\OpenSSH\;C:\Program Files\HP\HP One Agent;C:\Program Files\Git\cmd;C:\WINDOWS\system32;C:\WINDOWS;C:\WINDOWS\System32\Wbem;C:\WINDOWS\System32\WindowsPowerShell\v1.0\;C:\WINDOWS\System32\OpenSSH\;C:\Users\rmack\AppData\Local\Programs\Eclipse Adoptium\jdk-21.0.6.7-hotspot\bin;C:\Users\rmack\AppData\Local\Microsoft\WindowsApps;C:\Users\rmack\AppData\Local\Programs\Microsoft VS Code\bin;C:\Users\rmack\AppData\Local\GitHubDesktop\bin;;."/>
    <property name="java.vm.info" value="mixed mode"/>
    <property name="stderr.encoding" value="Cp1252"/>
    <property name="java.vendor" value="Oracle Corporation"/>
    <property name="java.vm.version" value="23.0.2+7-58"/>
    <property name="sun.io.unicode.encoding" value="UnicodeLittle"/>
    <property name="java.class.version" value="67.0"/>
  </properties>
  <testcase name="testEmptySpaceinAnswer" classname="com.model.FlashcardTest" time="0.009"/>
  <testcase name="testTesting" classname="com.model.FlashcardTest" time="0.0"/>
  <testcase name="testProgressWithTeacherInEmptyCategory" classname="com.model.FlashcardTest" time="0.026">
    <system-out><![CDATA[Category Progress for Musician Fun Facts: 0.3333333333333333
]]></system-out>
  </testcase>
  <testcase name="testProgressWithTeacher" classname="com.model.FlashcardTest" time="0.002">
    <system-out><![CDATA[Category Progress for Music Theory: 0.3333333333333333
]]></system-out>
  </testcase>
  <testcase name="testProgressWithIncorrectAnswer" classname="com.model.FlashcardTest" time="0.0"/>
  <testcase name="testEmptyAnswer" classname="com.model.FlashcardTest" time="0.0"/>
  <testcase name="testProgressWithCorrectAnswer" classname="com.model.FlashcardTest" time="0.0"/>
  <testcase name="testCheckIncorrectAnswer" classname="com.model.FlashcardTest" time="0.0"/>
  <testcase name="testCheckAnswerCaseSensitive" classname="com.model.FlashcardTest" time="0.0"/>
  <testcase name="testCheckCorrectAnswer" classname="com.model.FlashcardTest" time="0.0"/>
</testsuite>